# JRE version: OpenJDK Runtime Environment Temurin-21.0.11+10 (21.0.11+10) (build 21.0.11+10-LTS)
# Java VM: OpenJDK 64-Bit Server VM Temurin-21.0.11+10 (21.0.11+10-LTS, mixed mode, sharing, tiered, compressed oops, compressed class ptrs, parallel gc, windows-amd64)
GC Precious Log:
 CardTable entry size: 512
 CPUs: 12 total, 12 available
 Memory: 7832M
 Large Page Support: Disabled
 NUMA Support: Disabled
 Compressed Oops: Enabled (32-bit)
 Alignments: Space 512K, Generation 512K, Heap 2M
 Heap Min Capacity: 100M
 Heap Initial Capacity: 100M
 Heap Max Capacity: 2G
 Pre-touch: Disabled
 Parallel Workers: 10
Heap:
 PSYoungGen      total 12800K, used 6458K [0x00000000d5580000, 0x00000000d6400000, 0x0000000100000000)
  eden space 12288K, 50% used [0x00000000d5580000,0x00000000d5b86b30,0x00000000d6180000)
  from space 512K, 56% used [0x00000000d6200000,0x00000000d6248000,0x00000000d6280000)
  to   space 512K, 0% used [0x00000000d6380000,0x00000000d6380000,0x00000000d6400000)
 ParOldGen       total 68608K, used 52261K [0x0000000080000000, 0x0000000084300000, 0x00000000d5580000)
  object space 68608K, 76% used [0x0000000080000000,0x0000000083309618,0x0000000084300000)
 Metaspace       used 63159K, committed 64640K, reserved 1114112K
  class space    used 7476K, committed 8128K, reserved 1048576K
GC Heap History (20 events):
Event: 17.255 GC heap before
{Heap before GC invocations=39 (full 3):
 PSYoungGen      total 12800K, used 12800K [0x00000000d5580000, 0x00000000d6480000, 0x0000000100000000)
  eden space 12288K, 100% used [0x00000000d5580000,0x00000000d6180000,0x00000000d6180000)
  from space 512K, 100% used [0x00000000d6380000,0x00000000d6400000,0x00000000d6400000)
  to   space 512K, 0% used [0x00000000d6400000,0x00000000d6400000,0x00000000d6480000)
 ParOldGen       total 68608K, used 47697K [0x0000000080000000, 0x0000000084300000, 0x00000000d5580000)
  object space 68608K, 69% used [0x0000000080000000,0x0000000082e94498,0x0000000084300000)
 Metaspace       used 61597K, committed 63040K, reserved 1114112K
  class space    used 7342K, committed 8000K, reserved 1048576K
}
Event: 17.257 GC heap after
{Heap after GC invocations=39 (full 3):
 PSYoungGen      total 12800K, used 480K [0x00000000d5580000, 0x00000000d6480000, 0x0000000100000000)
  eden space 12288K, 0% used [0x00000000d5580000,0x00000000d5580000,0x00000000d6180000)
  from space 512K, 93% used [0x00000000d6400000,0x00000000d6478010,0x00000000d6480000)
  to   space 1536K, 0% used [0x00000000d6180000,0x00000000d6180000,0x00000000d6300000)
 ParOldGen       total 68608K, used 48208K [0x0000000080000000, 0x0000000084300000, 0x00000000d5580000)
  object space 68608K, 70% used [0x0000000080000000,0x0000000082f140e8,0x0000000084300000)
 Metaspace       used 61597K, committed 63040K, reserved 1114112K
  class space    used 7342K, committed 8000K, reserved 1048576K
}
Event: 33.734 GC heap before
{Heap before GC invocations=40 (full 3):
 PSYoungGen      total 12800K, used 12693K [0x00000000d5580000, 0x00000000d6480000, 0x0000000100000000)
  eden space 12288K, 99% used [0x00000000d5580000,0x00000000d616d758,0x00000000d6180000)
  from space 512K, 93% used [0x00000000d6400000,0x00000000d6478010,0x00000000d6480000)
  to   space 1536K, 0% used [0x00000000d6180000,0x00000000d6180000,0x00000000d6300000)
 ParOldGen       total 68608K, used 48208K [0x0000000080000000, 0x0000000084300000, 0x00000000d5580000)
  object space 68608K, 70% used [0x0000000080000000,0x0000000082f140e8,0x0000000084300000)
 Metaspace       used 62216K, committed 63616K, reserved 1114112K
  class space    used 7408K, committed 8064K, reserved 1048576K
}
Event: 33.736 GC heap after
{Heap after GC invocations=40 (full 3):
 PSYoungGen      total 13824K, used 1521K [0x00000000d5580000, 0x00000000d6680000, 0x0000000100000000)
  eden space 12288K, 0% used [0x00000000d5580000,0x00000000d5580000,0x00000000d6180000)
  from space 1536K, 99% used [0x00000000d6180000,0x00000000d62fc5e0,0x00000000d6300000)
  to   space 2560K, 0% used [0x00000000d6400000,0x00000000d6400000,0x00000000d6680000)
 ParOldGen       total 68608K, used 48791K [0x0000000080000000, 0x0000000084300000, 0x00000000d5580000)
  object space 68608K, 71% used [0x0000000080000000,0x0000000082fa5e28,0x0000000084300000)
 Metaspace       used 62216K, committed 63616K, reserved 1114112K
  class space    used 7408K, committed 8064K, reserved 1048576K
}
Event: 295.362 GC heap before
{Heap before GC invocations=41 (full 3):
 PSYoungGen      total 13824K, used 13804K [0x00000000d5580000, 0x00000000d6680000, 0x0000000100000000)
  eden space 12288K, 99% used [0x00000000d5580000,0x00000000d617ea78,0x00000000d6180000)
  from space 1536K, 99% used [0x00000000d6180000,0x00000000d62fc5e0,0x00000000d6300000)
  to   space 2560K, 0% used [0x00000000d6400000,0x00000000d6400000,0x00000000d6680000)
 ParOldGen       total 68608K, used 48791K [0x0000000080000000, 0x0000000084300000, 0x00000000d5580000)
  object space 68608K, 71% used [0x0000000080000000,0x0000000082fa5e28,0x0000000084300000)
 Metaspace       used 62911K, committed 64384K, reserved 1114112K
  class space    used 7473K, committed 8128K, reserved 1048576K
}
Event: 295.403 GC heap after
{Heap after GC invocations=41 (full 3):
 PSYoungGen      total 14336K, used 1923K [0x00000000d5580000, 0x00000000d6600000, 0x0000000100000000)
  eden space 12288K, 0% used [0x00000000d5580000,0x00000000d5580000,0x00000000d6180000)
  from space 2048K, 93% used [0x00000000d6400000,0x00000000d65e0db0,0x00000000d6600000)
  to   space 2048K, 0% used [0x00000000d6200000,0x00000000d6200000,0x00000000d6400000)
 ParOldGen       total 68608K, used 50225K [0x0000000080000000, 0x0000000084300000, 0x00000000d5580000)
  object space 68608K, 73% used [0x0000000080000000,0x000000008310c528,0x0000000084300000)
 Metaspace       used 62911K, committed 64384K, reserved 1114112K
  class space    used 7473K, committed 8128K, reserved 1048576K
}
Event: 295.657 GC heap before
{Heap before GC invocations=42 (full 3):
 PSYoungGen      total 14336K, used 14211K [0x00000000d5580000, 0x00000000d6600000, 0x0000000100000000)
  eden space 12288K, 100% used [0x00000000d5580000,0x00000000d6180000,0x00000000d6180000)
  from space 2048K, 93% used [0x00000000d6400000,0x00000000d65e0db0,0x00000000d6600000)
  to   space 2048K, 0% used [0x00000000d6200000,0x00000000d6200000,0x00000000d6400000)
 ParOldGen       total 68608K, used 50225K [0x0000000080000000, 0x0000000084300000, 0x00000000d5580000)
  object space 68608K, 73% used [0x0000000080000000,0x000000008310c528,0x0000000084300000)
 Metaspace       used 63049K, committed 64512K, reserved 1114112K
  class space    used 7473K, committed 8128K, reserved 1048576K
}
Event: 295.659 GC heap after
{Heap after GC invocations=42 (full 3):
 PSYoungGen      total 12800K, used 320K [0x00000000d5580000, 0x00000000d6480000, 0x0000000100000000)
  eden space 12288K, 0% used [0x00000000d5580000,0x00000000d5580000,0x00000000d6180000)
  from space 512K, 62% used [0x00000000d6200000,0x00000000d6250000,0x00000000d6280000)
  to   space 1024K, 0% used [0x00000000d6380000,0x00000000d6380000,0x00000000d6480000)
 ParOldGen       total 68608K, used 51989K [0x0000000080000000, 0x0000000084300000, 0x00000000d5580000)
  object space 68608K, 75% used [0x0000000080000000,0x00000000832c5618,0x0000000084300000)
 Metaspace       used 63049K, committed 64512K, reserved 1114112K
  class space    used 7473K, committed 8128K, reserved 1048576K
}
Event: 295.755 GC heap before
{Heap before GC invocations=43 (full 3):
 PSYoungGen      total 12800K, used 12608K [0x00000000d5580000, 0x00000000d6480000, 0x0000000100000000)
  eden space 12288K, 100% used [0x00000000d5580000,0x00000000d6180000,0x00000000d6180000)
  from space 512K, 62% used [0x00000000d6200000,0x00000000d6250000,0x00000000d6280000)
  to   space 1024K, 0% used [0x00000000d6380000,0x00000000d6380000,0x00000000d6480000)
 ParOldGen       total 68608K, used 51989K [0x0000000080000000, 0x0000000084300000, 0x00000000d5580000)
  object space 68608K, 75% used [0x0000000080000000,0x00000000832c5618,0x0000000084300000)
 Metaspace       used 63067K, committed 64512K, reserved 1114112K
  class space    used 7473K, committed 8128K, reserved 1048576K
}
Event: 295.756 GC heap after
{Heap after GC invocations=43 (full 3):
 PSYoungGen      total 12800K, used 320K [0x00000000d5580000, 0x00000000d6400000, 0x0000000100000000)
  eden space 12288K, 0% used [0x00000000d5580000,0x00000000d5580000,0x00000000d6180000)
  from space 512K, 62% used [0x00000000d6380000,0x00000000d63d0000,0x00000000d6400000)
  to   space 512K, 0% used [0x00000000d6200000,0x00000000d6200000,0x00000000d6280000)
 ParOldGen       total 68608K, used 52029K [0x0000000080000000, 0x0000000084300000, 0x00000000d5580000)
  object space 68608K, 75% used [0x0000000080000000,0x00000000832cf618,0x0000000084300000)
 Metaspace       used 63067K, committed 64512K, reserved 1114112K
  class space    used 7473K, committed 8128K, reserved 1048576K
}
Event: 295.859 GC heap before
{Heap before GC invocations=44 (full 3):
 PSYoungGen      total 12800K, used 12608K [0x00000000d5580000, 0x00000000d6400000, 0x0000000100000000)
  eden space 12288K, 100% used [0x00000000d5580000,0x00000000d6180000,0x00000000d6180000)
  from space 512K, 62% used [0x00000000d6380000,0x00000000d63d0000,0x00000000d6400000)
  to   space 512K, 0% used [0x00000000d6200000,0x00000000d6200000,0x00000000d6280000)
 ParOldGen       total 68608K, used 52029K [0x0000000080000000, 0x0000000084300000, 0x00000000d5580000)
  object space 68608K, 75% used [0x0000000080000000,0x00000000832cf618,0x0000000084300000)
 Metaspace       used 63090K, committed 64576K, reserved 1114112K
  class space    used 7473K, committed 8128K, reserved 1048576K
}
Event: 295.861 GC heap after
{Heap after GC invocations=44 (full 3):
 PSYoungGen      total 12800K, used 128K [0x00000000d5580000, 0x00000000d6400000, 0x0000000100000000)
  eden space 12288K, 0% used [0x00000000d5580000,0x00000000d5580000,0x00000000d6180000)
  from space 512K, 25% used [0x00000000d6200000,0x00000000d6220000,0x00000000d6280000)
  to   space 512K, 0% used [0x00000000d6380000,0x00000000d6380000,0x00000000d6400000)
 ParOldGen       total 68608K, used 52085K [0x0000000080000000, 0x0000000084300000, 0x00000000d5580000)
  object space 68608K, 75% used [0x0000000080000000,0x00000000832dd618,0x0000000084300000)
 Metaspace       used 63090K, committed 64576K, reserved 1114112K
  class space    used 7473K, committed 8128K, reserved 1048576K
}
Event: 295.996 GC heap before
{Heap before GC invocations=45 (full 3):
 PSYoungGen      total 12800K, used 12416K [0x00000000d5580000, 0x00000000d6400000, 0x0000000100000000)
  eden space 12288K, 100% used [0x00000000d5580000,0x00000000d6180000,0x00000000d6180000)
  from space 512K, 25% used [0x00000000d6200000,0x00000000d6220000,0x00000000d6280000)
  to   space 512K, 0% used [0x00000000d6380000,0x00000000d6380000,0x00000000d6400000)
 ParOldGen       total 68608K, used 52085K [0x0000000080000000, 0x0000000084300000, 0x00000000d5580000)
  object space 68608K, 75% used [0x0000000080000000,0x00000000832dd618,0x0000000084300000)
 Metaspace       used 63135K, committed 64576K, reserved 1114112K
  class space    used 7473K, committed 8128K, reserved 1048576K
}
Event: 295.997 GC heap after
{Heap after GC invocations=45 (full 3):
 PSYoungGen      total 12800K, used 192K [0x00000000d5580000, 0x00000000d6400000, 0x0000000100000000)
  eden space 12288K, 0% used [0x00000000d5580000,0x00000000d5580000,0x00000000d6180000)
  from space 512K, 37% used [0x00000000d6380000,0x00000000d63b0000,0x00000000d6400000)
  to   space 512K, 0% used [0x00000000d6200000,0x00000000d6200000,0x00000000d6280000)
 ParOldGen       total 68608K, used 52133K [0x0000000080000000, 0x0000000084300000, 0x00000000d5580000)
  object space 68608K, 75% used [0x0000000080000000,0x00000000832e9618,0x0000000084300000)
 Metaspace       used 63135K, committed 64576K, reserved 1114112K
  class space    used 7473K, committed 8128K, reserved 1048576K
}
Event: 296.112 GC heap before
{Heap before GC invocations=46 (full 3):
 PSYoungGen      total 12800K, used 12480K [0x00000000d5580000, 0x00000000d6400000, 0x0000000100000000)
  eden space 12288K, 100% used [0x00000000d5580000,0x00000000d6180000,0x00000000d6180000)
  from space 512K, 37% used [0x00000000d6380000,0x00000000d63b0000,0x00000000d6400000)
  to   space 512K, 0% used [0x00000000d6200000,0x00000000d6200000,0x00000000d6280000)
 ParOldGen       total 68608K, used 52133K [0x0000000080000000, 0x0000000084300000, 0x00000000d5580000)
  object space 68608K, 75% used [0x0000000080000000,0x00000000832e9618,0x0000000084300000)
 Metaspace       used 63135K, committed 64576K, reserved 1114112K
  class space    used 7473K, committed 8128K, reserved 1048576K
}
Event: 296.113 GC heap after
{Heap after GC invocations=46 (full 3):
 PSYoungGen      total 12800K, used 192K [0x00000000d5580000, 0x00000000d6400000, 0x0000000100000000)
  eden space 12288K, 0% used [0x00000000d5580000,0x00000000d5580000,0x00000000d6180000)
  from space 512K, 37% used [0x00000000d6200000,0x00000000d6230000,0x00000000d6280000)
  to   space 512K, 0% used [0x00000000d6380000,0x00000000d6380000,0x00000000d6400000)
 ParOldGen       total 68608K, used 52165K [0x0000000080000000, 0x0000000084300000, 0x00000000d5580000)
  object space 68608K, 76% used [0x0000000080000000,0x00000000832f1618,0x0000000084300000)
 Metaspace       used 63135K, committed 64576K, reserved 1114112K
  class space    used 7473K, committed 8128K, reserved 1048576K
}
Event: 296.227 GC heap before
{Heap before GC invocations=47 (full 3):
 PSYoungGen      total 12800K, used 12480K [0x00000000d5580000, 0x00000000d6400000, 0x0000000100000000)
  eden space 12288K, 100% used [0x00000000d5580000,0x00000000d6180000,0x00000000d6180000)
  from space 512K, 37% used [0x00000000d6200000,0x00000000d6230000,0x00000000d6280000)
  to   space 512K, 0% used [0x00000000d6380000,0x00000000d6380000,0x00000000d6400000)
 ParOldGen       total 68608K, used 52165K [0x0000000080000000, 0x0000000084300000, 0x00000000d5580000)
  object space 68608K, 76% used [0x0000000080000000,0x00000000832f1618,0x0000000084300000)
 Metaspace       used 63135K, committed 64576K, reserved 1114112K
  class space    used 7473K, committed 8128K, reserved 1048576K
}
Event: 296.228 GC heap after
{Heap after GC invocations=47 (full 3):
 PSYoungGen      total 12800K, used 256K [0x00000000d5580000, 0x00000000d6400000, 0x0000000100000000)
  eden space 12288K, 0% used [0x00000000d5580000,0x00000000d5580000,0x00000000d6180000)
  from space 512K, 50% used [0x00000000d6380000,0x00000000d63c0000,0x00000000d6400000)
  to   space 512K, 0% used [0x00000000d6200000,0x00000000d6200000,0x00000000d6280000)
 ParOldGen       total 68608K, used 52229K [0x0000000080000000, 0x0000000084300000, 0x00000000d5580000)
  object space 68608K, 76% used [0x0000000080000000,0x0000000083301618,0x0000000084300000)
 Metaspace       used 63135K, committed 64576K, reserved 1114112K
  class space    used 7473K, committed 8128K, reserved 1048576K
}
Event: 296.696 GC heap before
{Heap before GC invocations=48 (full 3):
 PSYoungGen      total 12800K, used 12544K [0x00000000d5580000, 0x00000000d6400000, 0x0000000100000000)
  eden space 12288K, 100% used [0x00000000d5580000,0x00000000d6180000,0x00000000d6180000)
  from space 512K, 50% used [0x00000000d6380000,0x00000000d63c0000,0x00000000d6400000)
  to   space 512K, 0% used [0x00000000d6200000,0x00000000d6200000,0x00000000d6280000)
 ParOldGen       total 68608K, used 52229K [0x0000000080000000, 0x0000000084300000, 0x00000000d5580000)
  object space 68608K, 76% used [0x0000000080000000,0x0000000083301618,0x0000000084300000)
 Metaspace       used 63139K, committed 64576K, reserved 1114112K
  class space    used 7473K, committed 8128K, reserved 1048576K
}
Event: 296.698 GC heap after
{Heap after GC invocations=48 (full 3):
 PSYoungGen      total 12800K, used 288K [0x00000000d5580000, 0x00000000d6400000, 0x0000000100000000)
  eden space 12288K, 0% used [0x00000000d5580000,0x00000000d5580000,0x00000000d6180000)
  from space 512K, 56% used [0x00000000d6200000,0x00000000d6248000,0x00000000d6280000)
  to   space 512K, 0% used [0x00000000d6380000,0x00000000d6380000,0x00000000d6400000)
 ParOldGen       total 68608K, used 52261K [0x0000000080000000, 0x0000000084300000, 0x00000000d5580000)
  object space 68608K, 76% used [0x0000000080000000,0x0000000083309618,0x0000000084300000)
 Metaspace       used 63139K, committed 64576K, reserved 1114112K
  class space    used 7473K, committed 8128K, reserved 1048576K
}

